2019-09-23 11:51:03,524 - root - INFO - Started

2019-11-23 13:57:11,960 - root - INFO - Started

2019-11-23 13:57:37,779 - root - INFO - Started

2019-11-23 13:57:38,425 - gurobipy - INFO - Academic license - for non-commercial use only
2019-11-23 13:57:38,540 - root - INFO - Training Initiation ! Time:2019-11-23 13:57:38.540292

2019-11-23 13:57:38,540 - root - INFO - Solving Validation instances 
2019-11-23 13:57:38,551 - root - INFO - Number of constraints174
2019-11-23 13:57:38,579 - root - INFO - Number of constraints174
2019-11-23 13:57:38,597 - root - INFO - Number of constraints174
2019-11-23 13:57:38,615 - root - INFO - Number of constraints174
2019-11-23 13:57:38,631 - root - INFO - Number of constraints174
2019-11-23 13:57:38,648 - root - INFO - Number of constraints174
2019-11-23 13:57:38,664 - root - INFO - Number of constraints174
2019-11-23 13:57:38,681 - root - INFO - Number of constraints174
2019-11-23 13:57:38,697 - root - INFO - Number of constraints174
2019-11-23 13:57:38,749 - root - INFO - Number of constraints174
2019-11-23 13:57:38,777 - root - INFO - Number of constraints174
2019-11-23 13:57:38,799 - root - INFO - Number of constraints174
2019-11-23 13:57:38,819 - root - INFO - Number of constraints174
2019-11-23 13:57:38,837 - root - INFO - Number of constraints174
2019-11-23 13:57:38,854 - root - INFO - Number of constraints174
2019-11-23 13:57:38,871 - root - INFO - Number of constraints174
2019-11-23 13:57:38,887 - root - INFO - Number of constraints174
2019-11-23 13:57:38,904 - root - INFO - Number of constraints174
2019-11-23 13:57:38,920 - root - INFO - Number of constraints174
2019-11-23 13:57:38,937 - root - INFO - Number of constraints174
2019-11-23 13:57:38,953 - root - INFO - Number of constraints174
2019-11-23 13:57:38,970 - root - INFO - Number of constraints174
2019-11-23 13:57:38,986 - root - INFO - Number of constraints174
2019-11-23 13:57:39,002 - root - INFO - Number of constraints174
2019-11-23 13:57:39,019 - root - INFO - Number of constraints174
2019-11-23 13:57:39,035 - root - INFO - Number of constraints174
2019-11-23 13:57:39,052 - root - INFO - Number of constraints174
2019-11-23 13:57:39,068 - root - INFO - Number of constraints174
2019-11-23 13:57:39,085 - root - INFO - Number of constraints174
2019-11-23 13:57:39,101 - root - INFO - Number of constraints174
2019-11-23 13:57:39,117 - root - INFO - Number of constraints174
2019-11-23 13:57:39,134 - root - INFO - Number of constraints174
2019-11-23 13:57:39,150 - root - INFO - Number of constraints174
2019-11-23 13:57:39,167 - root - INFO - Number of constraints174
2019-11-23 13:57:39,183 - root - INFO - Number of constraints174
2019-11-23 13:57:39,200 - root - INFO - Number of constraints174
2019-11-23 13:57:39,217 - root - INFO - Number of constraints174
2019-11-23 13:57:39,233 - root - INFO - Number of constraints174
2019-11-23 13:57:39,249 - root - INFO - Number of constraints174
2019-11-23 13:57:39,266 - root - INFO - Number of constraints174
2019-11-23 13:57:39,282 - root - INFO - Number of constraints174
2019-11-23 13:57:39,299 - root - INFO - Number of constraints174
2019-11-23 13:57:39,316 - root - INFO - Number of constraints174
2019-11-23 13:57:39,334 - root - INFO - Number of constraints174
2019-11-23 13:57:39,350 - root - INFO - Number of constraints174
2019-11-23 13:57:39,367 - root - INFO - Number of constraints174
2019-11-23 13:57:39,383 - root - INFO - Number of constraints174
2019-11-23 13:57:39,400 - root - INFO - Number of constraints174
2019-11-23 13:57:39,416 - root - INFO - Number of constraints174
2019-11-23 13:57:39,433 - root - INFO - Number of constraints174
2019-11-23 13:57:39,449 - root - INFO - Number of constraints174
2019-11-23 13:57:39,466 - root - INFO - Number of constraints174
2019-11-23 13:57:39,482 - root - INFO - Number of constraints174
2019-11-23 13:57:39,499 - root - INFO - Number of constraints174
2019-11-23 13:57:39,515 - root - INFO - Number of constraints174
2019-11-23 13:57:39,532 - root - INFO - Number of constraints174
2019-11-23 13:57:39,548 - root - INFO - Number of constraints174
2019-11-23 13:57:39,565 - root - INFO - Number of constraints174
2019-11-23 13:57:39,581 - root - INFO - Number of constraints174
2019-11-23 13:57:39,598 - root - INFO - Number of constraints174
2019-11-23 13:57:39,604 - root - INFO - Solving Validation instances Completed ! Time:2019-11-23 13:57:39.604604

2019-11-23 13:57:39,605 - root - INFO - Solving Test instances 
2019-11-23 13:57:39,644 - root - INFO - Number of constraints174
2019-11-23 13:57:39,798 - root - INFO - Number of constraints174
2019-11-23 13:57:39,847 - root - INFO - Number of constraints174
2019-11-23 13:57:39,897 - root - INFO - Number of constraints174
2019-11-23 13:57:39,945 - root - INFO - Number of constraints174
2019-11-23 13:57:39,991 - root - INFO - Number of constraints174
2019-11-23 13:57:40,041 - root - INFO - Number of constraints174
2019-11-23 13:57:40,079 - root - INFO - Number of constraints174
2019-11-23 13:57:40,117 - root - INFO - Number of constraints174
2019-11-23 13:57:40,163 - root - INFO - Number of constraints174
2019-11-23 13:57:40,209 - root - INFO - Number of constraints174
2019-11-23 13:57:40,254 - root - INFO - Number of constraints174
2019-11-23 13:57:40,300 - root - INFO - Number of constraints174
2019-11-23 13:57:40,346 - root - INFO - Number of constraints174
2019-11-23 13:57:40,395 - root - INFO - Number of constraints174
2019-11-23 13:57:40,437 - root - INFO - Number of constraints174
2019-11-23 13:57:40,483 - root - INFO - Number of constraints174
2019-11-23 13:57:40,529 - root - INFO - Number of constraints174
2019-11-23 13:57:40,578 - root - INFO - Number of constraints174
2019-11-23 13:57:40,624 - root - INFO - Number of constraints174
2019-11-23 13:57:40,670 - root - INFO - Number of constraints174
2019-11-23 13:57:40,721 - root - INFO - Number of constraints174
2019-11-23 13:57:40,767 - root - INFO - Number of constraints174
2019-11-23 13:57:40,813 - root - INFO - Number of constraints174
2019-11-23 13:57:40,859 - root - INFO - Number of constraints174
2019-11-23 13:57:40,905 - root - INFO - Number of constraints174
2019-11-23 13:57:40,950 - root - INFO - Number of constraints174
2019-11-23 13:57:40,996 - root - INFO - Number of constraints174
2019-11-23 13:57:41,043 - root - INFO - Number of constraints174
2019-11-23 13:57:41,093 - root - INFO - Number of constraints174
2019-11-23 13:57:41,140 - root - INFO - Number of constraints174
2019-11-23 13:57:41,185 - root - INFO - Number of constraints174
2019-11-23 13:57:41,231 - root - INFO - Number of constraints174
2019-11-23 13:57:41,277 - root - INFO - Number of constraints174
2019-11-23 13:57:41,326 - root - INFO - Number of constraints174
2019-11-23 13:57:41,372 - root - INFO - Number of constraints174
2019-11-23 13:57:41,418 - root - INFO - Number of constraints174
2019-11-23 13:57:41,461 - root - INFO - Number of constraints174
2019-11-23 13:57:41,509 - root - INFO - Number of constraints174
2019-11-23 13:57:41,558 - root - INFO - Number of constraints174
2019-11-23 13:57:41,637 - root - INFO - Number of constraints174
2019-11-23 13:57:41,686 - root - INFO - Number of constraints174
2019-11-23 13:57:41,738 - root - INFO - Number of constraints174
2019-11-23 13:57:41,786 - root - INFO - Number of constraints174
2019-11-23 13:57:41,829 - root - INFO - Number of constraints174
2019-11-23 13:57:41,874 - root - INFO - Number of constraints174
2019-11-23 13:57:41,917 - root - INFO - Number of constraints174
2019-11-23 13:57:41,963 - root - INFO - Number of constraints174
2019-11-23 13:57:42,012 - root - INFO - Number of constraints174
2019-11-23 13:57:42,050 - root - INFO - Number of constraints174
2019-11-23 13:57:42,099 - root - INFO - Number of constraints174
2019-11-23 13:57:42,145 - root - INFO - Number of constraints174
2019-11-23 13:57:42,193 - root - INFO - Number of constraints174
2019-11-23 13:57:42,241 - root - INFO - Number of constraints174
2019-11-23 13:57:42,287 - root - INFO - Number of constraints174
2019-11-23 13:57:42,338 - root - INFO - Number of constraints174
2019-11-23 13:57:42,376 - root - INFO - Number of constraints174
